ogmall_rzdj_gwm_realease/unity-android-resources/build/outputs/logs/manifest-merger-debug-report.txt
-- Merging decision tree log ---
manifest
ADDED from ogmall_rzdj_gwm_realease\unity-android-resources\AndroidManifest.xml:2:1-6:12
INJECTED from ogmall_rzdj_gwm_realease\unity-android-resources\AndroidManifest.xml:2:1-6:12
INJECTED from ogmall_rzdj_gwm_realease\unity-android-resources\AndroidManifest.xml:2:1-6:12
INJECTED from ogmall_rzdj_gwm_realease\unity-android-resources\AndroidManifest.xml:2:1-6:12
INJECTED from ogmall_rzdj_gwm_realease\unity-android-resources\AndroidManifest.xml:2:1-6:12
INJECTED from ogmall_rzdj_gwm_realease\unity-android-resources\AndroidManifest.xml:2:1-6:12
INJECTED from ogmall_rzdj_gwm_realease\unity-android-resources\AndroidManifest.xml:2:1-6:12
	package
		ADDED from ogmall_rzdj_gwm_realease\unity-android-resources\AndroidManifest.xml:2:70-107
		INJECTED from ogmall_rzdj_gwm_realease\unity-android-resources\AndroidManifest.xml
		INJECTED from ogmall_rzdj_gwm_realease\unity-android-resources\AndroidManifest.xml
	android:versionName
		ADDED from ogmall_rzdj_gwm_realease\unity-android-resources\AndroidManifest.xml:3:25-50
		INJECTED from ogmall_rzdj_gwm_realease\unity-android-resources\AndroidManifest.xml
		INJECTED from ogmall_rzdj_gwm_realease\unity-android-resources\AndroidManifest.xml
	xmlns:android
		ADDED from ogmall_rzdj_gwm_realease\unity-android-resources\AndroidManifest.xml:2:11-69
	android:versionCode
		ADDED from ogmall_rzdj_gwm_realease\unity-android-resources\AndroidManifest.xml:3:1-24
		INJECTED from ogmall_rzdj_gwm_realease\unity-android-resources\AndroidManifest.xml
		INJECTED from ogmall_rzdj_gwm_realease\unity-android-resources\AndroidManifest.xml
uses-sdk
INJECTED from ogmall_rzdj_gwm_realease\unity-android-resources\AndroidManifest.xml reason: use-sdk injection requested
INJECTED from ogmall_rzdj_gwm_realease\unity-android-resources\AndroidManifest.xml
INJECTED from ogmall_rzdj_gwm_realease\unity-android-resources\AndroidManifest.xml
	android:targetSdkVersion
		INJECTED from ogmall_rzdj_gwm_realease\unity-android-resources\AndroidManifest.xml
		ADDED from ogmall_rzdj_gwm_realease\unity-android-resources\AndroidManifest.xml
		INJECTED from ogmall_rzdj_gwm_realease\unity-android-resources\AndroidManifest.xml